Allocating 1 tasks on 1 nodes with 8 GPUs per Node

CommandNotFoundError: Your shell has not been properly configured to use 'conda activate'.
To initialize your shell, run

    $ conda init <SHELL_NAME>

Currently supported shells are:
  - bash
  - fish
  - tcsh
  - xonsh
  - zsh
  - powershell

See 'conda init --help' for more information and options.

IMPORTANT: You may need to close and restart your shell after running 'conda init'.


folder not exist
/cluster/scratch/atabin/miniconda3/envs/deepl/lib/python3.10/site-packages/torch/distributed/launch.py:180: FutureWarning: The module torch.distributed.launch is deprecated
and will be removed in future. Use torchrun.
Note that --use_env is set by default in torchrun.
If your script expects `--local_rank` argument to be set, please
change it to read from `os.environ['LOCAL_RANK']` instead. See 
https://pytorch.org/docs/stable/distributed.html#launch-utility for 
further instructions

  warnings.warn(
| distributed init (rank 0): env://
| distributed init (rank 6): env://
| distributed init (rank 2): env://
| distributed init (rank 1): env://
| distributed init (rank 5): env://
| distributed init (rank 3): env://
| distributed init (rank 7): env://
| distributed init (rank 4): env://
git:
  sha: a2973418e8c25573a5ea2cc8df72afbbd999d421, status: has uncommited changes, branch: master

Namespace(lr=0.0001, lr_backbone=1e-05, batch_size=1, weight_decay=0.0001, epochs=10, lr_drop=200, clip_max_norm=0.1, save_freq=5, benchmark=False, append_word=None, backbone='resnet50', dilation=False, position_embedding='sine', layer1_frozen=False, layer2_frozen=False, frozen_weights='', resume='/cluster/home/atabin/.cache/torch/hub/checkpoints/detr-r50-e632da11.pth', no_opt=False, LETRpost=False, layer1_num=3, layer2_num=2, enc_layers=6, dec_layers=6, dim_feedforward=2048, hidden_dim=256, dropout=0.1, nheads=8, num_queries=1000, pre_norm=False, second_enc_layers=6, second_dec_layers=6, second_dim_feedforward=2048, second_hidden_dim=256, second_dropout=0.1, second_nheads=8, second_pre_norm=False, aux_loss=True, set_cost_class=1, set_cost_line=5, set_cost_point=5, dice_loss_coef=1, point_loss_coef=5, line_loss_coef=5, eos_coef=0.1, label_loss_func='cross_entropy', label_loss_params='{}', dataset_file='coco', coco_path='data/wireframe_processed', coco_panoptic_path=None, remove_difficult=False, output_dir='exp/res50_stage1', device='cuda', seed=42, start_epoch=0, num_workers=2, num_gpus=1, world_size=8, dist_url='env://', eval=False, dataset='train', rank=0, gpu=0, distributed=True, dist_backend='nccl')
/cluster/scratch/atabin/miniconda3/envs/deepl/lib/python3.10/site-packages/torchvision/models/_utils.py:208: UserWarning: The parameter 'pretrained' is deprecated since 0.13 and may be removed in the future, please use 'weights' instead.
  warnings.warn(
/cluster/scratch/atabin/miniconda3/envs/deepl/lib/python3.10/site-packages/torchvision/models/_utils.py:223: UserWarning: Arguments other than a weight enum or `None` for 'weights' are deprecated since 0.13 and may be removed in the future. The current behavior is equivalent to passing `weights=None`.
  warnings.warn(msg)
/cluster/scratch/atabin/miniconda3/envs/deepl/lib/python3.10/site-packages/torchvision/models/_utils.py:208: UserWarning: The parameter 'pretrained' is deprecated since 0.13 and may be removed in the future, please use 'weights' instead.
  warnings.warn(
/cluster/scratch/atabin/miniconda3/envs/deepl/lib/python3.10/site-packages/torchvision/models/_utils.py:223: UserWarning: Arguments other than a weight enum or `None` for 'weights' are deprecated since 0.13 and may be removed in the future. The current behavior is equivalent to passing `weights=None`.
  warnings.warn(msg)
/cluster/scratch/atabin/miniconda3/envs/deepl/lib/python3.10/site-packages/torchvision/models/_utils.py:208: UserWarning: The parameter 'pretrained' is deprecated since 0.13 and may be removed in the future, please use 'weights' instead.
  warnings.warn(
/cluster/scratch/atabin/miniconda3/envs/deepl/lib/python3.10/site-packages/torchvision/models/_utils.py:223: UserWarning: Arguments other than a weight enum or `None` for 'weights' are deprecated since 0.13 and may be removed in the future. The current behavior is equivalent to passing `weights=None`.
  warnings.warn(msg)
/cluster/scratch/atabin/miniconda3/envs/deepl/lib/python3.10/site-packages/torchvision/models/_utils.py:208: UserWarning: The parameter 'pretrained' is deprecated since 0.13 and may be removed in the future, please use 'weights' instead.
  warnings.warn(
/cluster/scratch/atabin/miniconda3/envs/deepl/lib/python3.10/site-packages/torchvision/models/_utils.py:223: UserWarning: Arguments other than a weight enum or `None` for 'weights' are deprecated since 0.13 and may be removed in the future. The current behavior is equivalent to passing `weights=None`.
  warnings.warn(msg)
/cluster/scratch/atabin/miniconda3/envs/deepl/lib/python3.10/site-packages/torchvision/models/_utils.py:208: UserWarning: The parameter 'pretrained' is deprecated since 0.13 and may be removed in the future, please use 'weights' instead.
  warnings.warn(
/cluster/scratch/atabin/miniconda3/envs/deepl/lib/python3.10/site-packages/torchvision/models/_utils.py:223: UserWarning: Arguments other than a weight enum or `None` for 'weights' are deprecated since 0.13 and may be removed in the future. The current behavior is equivalent to passing `weights=None`.
  warnings.warn(msg)
/cluster/scratch/atabin/miniconda3/envs/deepl/lib/python3.10/site-packages/torchvision/models/_utils.py:208: UserWarning: The parameter 'pretrained' is deprecated since 0.13 and may be removed in the future, please use 'weights' instead.
  warnings.warn(
/cluster/scratch/atabin/miniconda3/envs/deepl/lib/python3.10/site-packages/torchvision/models/_utils.py:223: UserWarning: Arguments other than a weight enum or `None` for 'weights' are deprecated since 0.13 and may be removed in the future. The current behavior is equivalent to passing `weights=None`.
  warnings.warn(msg)
/cluster/scratch/atabin/miniconda3/envs/deepl/lib/python3.10/site-packages/torchvision/models/_utils.py:208: UserWarning: The parameter 'pretrained' is deprecated since 0.13 and may be removed in the future, please use 'weights' instead.
  warnings.warn(
/cluster/scratch/atabin/miniconda3/envs/deepl/lib/python3.10/site-packages/torchvision/models/_utils.py:223: UserWarning: Arguments other than a weight enum or `None` for 'weights' are deprecated since 0.13 and may be removed in the future. The current behavior is equivalent to passing `weights=None`.
  warnings.warn(msg)
/cluster/scratch/atabin/miniconda3/envs/deepl/lib/python3.10/site-packages/torchvision/models/_utils.py:208: UserWarning: The parameter 'pretrained' is deprecated since 0.13 and may be removed in the future, please use 'weights' instead.
  warnings.warn(
/cluster/scratch/atabin/miniconda3/envs/deepl/lib/python3.10/site-packages/torchvision/models/_utils.py:223: UserWarning: Arguments other than a weight enum or `None` for 'weights' are deprecated since 0.13 and may be removed in the future. The current behavior is equivalent to passing `weights=ResNet50_Weights.IMAGENET1K_V1`. You can also use `weights=ResNet50_Weights.DEFAULT` to get the most up-to-date weights.
  warnings.warn(msg)
slurmstepd: error: poll(): Bad address
WARNING:torch.distributed.elastic.multiprocessing.api:Sending process 8499 closing signal SIGTERM
WARNING:torch.distributed.elastic.multiprocessing.api:Sending process 8500 closing signal SIGTERM
WARNING:torch.distributed.elastic.multiprocessing.api:Sending process 8501 closing signal SIGTERM
WARNING:torch.distributed.elastic.multiprocessing.api:Sending process 8503 closing signal SIGTERM
WARNING:torch.distributed.elastic.multiprocessing.api:Sending process 8504 closing signal SIGTERM
WARNING:torch.distributed.elastic.multiprocessing.api:Sending process 8505 closing signal SIGTERM
WARNING:torch.distributed.elastic.multiprocessing.api:Sending process 8506 closing signal SIGTERM
ERROR:torch.distributed.elastic.multiprocessing.api:failed (exitcode: -9) local_rank: 3 (pid: 8502) of binary: /cluster/scratch/atabin/miniconda3/envs/deepl/bin/python3
Traceback (most recent call last):
  File "/cluster/scratch/atabin/miniconda3/envs/deepl/lib/python3.10/runpy.py", line 196, in _run_module_as_main
    return _run_code(code, main_globals, None,
  File "/cluster/scratch/atabin/miniconda3/envs/deepl/lib/python3.10/runpy.py", line 86, in _run_code
    exec(code, run_globals)
  File "/cluster/scratch/atabin/miniconda3/envs/deepl/lib/python3.10/site-packages/torch/distributed/launch.py", line 195, in <module>
    main()
  File "/cluster/scratch/atabin/miniconda3/envs/deepl/lib/python3.10/site-packages/torch/distributed/launch.py", line 191, in main
    launch(args)
  File "/cluster/scratch/atabin/miniconda3/envs/deepl/lib/python3.10/site-packages/torch/distributed/launch.py", line 176, in launch
    run(args)
  File "/cluster/scratch/atabin/miniconda3/envs/deepl/lib/python3.10/site-packages/torch/distributed/run.py", line 753, in run
    elastic_launch(
  File "/cluster/scratch/atabin/miniconda3/envs/deepl/lib/python3.10/site-packages/torch/distributed/launcher/api.py", line 132, in __call__
    return launch_agent(self._config, self._entrypoint, list(args))
  File "/cluster/scratch/atabin/miniconda3/envs/deepl/lib/python3.10/site-packages/torch/distributed/launcher/api.py", line 246, in launch_agent
    raise ChildFailedError(
torch.distributed.elastic.multiprocessing.errors.ChildFailedError: 
=====================================================
src/main.py FAILED
-----------------------------------------------------
Failures:
  <NO_OTHER_FAILURES>
-----------------------------------------------------
Root Cause (first observed failure):
[0]:
  time      : 2023-01-06_18:00:25
  host      : eu-lo-s4-043.euler.ethz.ch
  rank      : 3 (local_rank: 3)
  exitcode  : -9 (pid: 8502)
  error_file: <N/A>
  traceback : Signal 9 (SIGKILL) received by PID 8502
=====================================================
Done rendering
